Determining if the pthread_create exist failed with the following output:
Change Dir: /sad/build/CMakeFiles/CMakeTmp

Run Build Command:"/usr/bin/make" "cmTC_58f31/fast"
/usr/bin/make -f CMakeFiles/cmTC_58f31.dir/build.make CMakeFiles/cmTC_58f31.dir/build
make[1]: Entering directory '/sad/build/CMakeFiles/CMakeTmp'
Building C object CMakeFiles/cmTC_58f31.dir/CheckSymbolExists.c.o
/usr/bin/cc    -o CMakeFiles/cmTC_58f31.dir/CheckSymbolExists.c.o   -c /sad/build/CMakeFiles/CMakeTmp/CheckSymbolExists.c
Linking C executable cmTC_58f31
/opt/conda/bin/cmake -E cmake_link_script CMakeFiles/cmTC_58f31.dir/link.txt --verbose=1
/usr/bin/cc      -rdynamic CMakeFiles/cmTC_58f31.dir/CheckSymbolExists.c.o  -o cmTC_58f31 
CMakeFiles/cmTC_58f31.dir/CheckSymbolExists.c.o: In function `main':
CheckSymbolExists.c:(.text+0x1b): undefined reference to `pthread_create'
collect2: error: ld returned 1 exit status
CMakeFiles/cmTC_58f31.dir/build.make:86: recipe for target 'cmTC_58f31' failed
make[1]: *** [cmTC_58f31] Error 1
make[1]: Leaving directory '/sad/build/CMakeFiles/CMakeTmp'
Makefile:121: recipe for target 'cmTC_58f31/fast' failed
make: *** [cmTC_58f31/fast] Error 2

File /sad/build/CMakeFiles/CMakeTmp/CheckSymbolExists.c:
/* */
#include <pthread.h>

int main(int argc, char** argv)
{
  (void)argv;
#ifndef pthread_create
  return ((int*)(&pthread_create))[argc];
#else
  (void)argc;
  return 0;
#endif
}

Determining if the function pthread_create exists in the pthreads failed with the following output:
Change Dir: /sad/build/CMakeFiles/CMakeTmp

Run Build Command:"/usr/bin/make" "cmTC_f73fc/fast"
/usr/bin/make -f CMakeFiles/cmTC_f73fc.dir/build.make CMakeFiles/cmTC_f73fc.dir/build
make[1]: Entering directory '/sad/build/CMakeFiles/CMakeTmp'
Building C object CMakeFiles/cmTC_f73fc.dir/CheckFunctionExists.c.o
/usr/bin/cc   -DCHECK_FUNCTION_EXISTS=pthread_create   -o CMakeFiles/cmTC_f73fc.dir/CheckFunctionExists.c.o   -c /opt/conda/share/cmake-3.12/Modules/CheckFunctionExists.c
Linking C executable cmTC_f73fc
/opt/conda/bin/cmake -E cmake_link_script CMakeFiles/cmTC_f73fc.dir/link.txt --verbose=1
/usr/bin/cc  -DCHECK_FUNCTION_EXISTS=pthread_create    -rdynamic CMakeFiles/cmTC_f73fc.dir/CheckFunctionExists.c.o  -o cmTC_f73fc -lpthreads 
/usr/bin/ld: cannot find -lpthreads
collect2: error: ld returned 1 exit status
CMakeFiles/cmTC_f73fc.dir/build.make:86: recipe for target 'cmTC_f73fc' failed
make[1]: *** [cmTC_f73fc] Error 1
make[1]: Leaving directory '/sad/build/CMakeFiles/CMakeTmp'
Makefile:121: recipe for target 'cmTC_f73fc/fast' failed
make: *** [cmTC_f73fc/fast] Error 2


