{'act_base_eps': 0.4,
 'act_device': 'cuda:1',
 'act_eps_alpha': 7.0,
 'actor_sync_freq': 10,
 'batchsize': 128,
 'burn_in_frames': 2500,
 'epoch_len': 1000,
 'eps': 1e-9,
 'eta': 0.9,
 'eval_bomb': 0,
 'eval_epochs': 1,
 'eval_log_betas': '1,2,3,5,7,10',
 'gamma': 0.99,
 'grad_clip': 50,
 'hand_size': 5,
 'load_model': '',
 'log_beta_range': '0.5,10',
 'lr': 0.0001,
 'max_len': 80,
 'method': 'vdn',
 'multi_step': 3,
 'num_epoch': 5000,
 'num_eps': 80,
 'num_game_per_thread': 80,
 'num_lstm_layer': 2,
 'num_player': 2,
 'num_thread': 15,
 'num_update_between_sync': 2500,
 'obs_n_most_recent_own_cards': 0,
 'pred_weight': 0,
 'prefetch': 3,
 'priority_exponent': 0.6,
 'priority_weight': 0.4,
 'q_variant': 'doubleq',
 'replay_buffer_size': 5000,
 'rnn_hid_dim': 512,
 'sad': 1,
 'save_dir': 'exps/exp1',
 'seed': 9,
 'shuffle_color': 1,
 'shuffle_obs': 0,
 'train_bomb': 0,
 'train_device': 'cuda',
 'use_softmax_policy': 0}
explore eps: [0.1, 0.08154407395185162, 0.06649435996665046, 0.05422221006501587, 0.04421499907374487, 0.03605471154250502, 0.02940048064334708, 0.023974349678010775, 0.019549661430912607, 0.01594159037455999, 0.012999422244132457, 0.010600258488068826, 0.008643882620598262, 0.007048574036451904, 0.005747694424835353, 0.004686904192314193, 0.0038218926206331195, 0.003116526944929431, 0.0025413430367026368, 0.0020723146452190297, 0.0016898497868124572, 0.0013779723598335584, 0.0011236548001387517, 0.0009162739011886733, 0.0007471670675868075, 0.0006092704661368676, 0.0004968239594734388, 0.0004051304969235383, 0.00033035991201283403, 0.0002693889309590173, 0.00021967070907932357, 0.00017912844546220044, 0.00014606863203649891, 0.0001191103133283007, 9.712740198471169e-05, 7.920164050192559e-05, 6.45842443019698e-05, 5.266462393484282e-05, 4.294487988789273e-05, 3.5019004614317064e-05, 2.8555923019901068e-05, 2.3285662984981972e-05, 1.8988078244652658e-05, 1.5483652565854994e-05, 1.2626001098748582e-05, 1.029575567312513e-05, 8.395578619995106e-06, 6.8460968385746595e-06, 5.582586268862691e-06, 4.552268275507311e-06, 3.712105009066358e-06, 3.0270016537634625e-06, 2.4683404670686517e-06, 2.012785375849939e-06, 1.6413071953751306e-06, 1.3383887531737569e-06, 1.0913767146512742e-06, 0, 0, 0, 0, 0, 0, 0, 0, 0, 0, 0, 0, 0, 0, 0, 0, 0, 0, 0, 0, 0, 0, 0]
avg explore eps: 0.006772832055818007
